<?xml version="1.0" encoding="UTF-8"?>
<!-- Generated by org.testng.reporters.JUnitReportReporter -->
<testsuite hostname="HKs-Dell" failures="0" tests="2" name="hariKrishna.tests.StandaloneTest2" time="44.013" errors="0" timestamp="2023-03-14T12:30:55 IST" skipped="0">
  <testcase classname="hariKrishna.tests.StandaloneTest2" name="submitOrder" time="38.844"/>
  <system-out/>
  <testcase classname="hariKrishna.tests.StandaloneTest2" name="validCartItems" time="5.169"/>
  <system-out/>
</testsuite> <!-- hariKrishna.tests.StandaloneTest2 -->
