<?xml version="1.0" encoding="UTF-8"?>
<!-- Generated by org.testng.reporters.JUnitReportReporter -->
<testsuite hostname="HKs-Dell" failures="0" tests="3" name="hariKrishna.tests.ErrorValidations" time="37.331" errors="0" timestamp="2023-05-29T11:53:32 IST" skipped="1">
  <testcase classname="hariKrishna.tests.ErrorValidations" name="loginValidation" time="14.534"/>
  <system-out/>
  <testcase classname="hariKrishna.tests.ErrorValidations" name="loginValidation" time="22.797"/>
  <system-out/>
  <testcase classname="hariKrishna.tests.ErrorValidations" name="submitOrder">
    <skipped/>
  </testcase> <!-- submitOrder -->
  <system-out/>
</testsuite> <!-- hariKrishna.tests.ErrorValidations -->
